<?xml version="1.0" encoding="UTF-8"?>
<testsuite name="yellingapp.AppTest" tests="1" skipped="0" failures="0" errors="0" timestamp="2024-01-01T16:26:51" hostname="Luiss-MBP.lan" time="0.011">
  <properties/>
  <testcase name="appHasAGreeting()" classname="yellingapp.AppTest" time="0.011"/>
  <system-out><![CDATA[]]></system-out>
  <system-err><![CDATA[]]></system-err>
</testsuite>
